<?xml version="1.0" encoding="UTF-8"?>
<coverage generated="1671451829369" clover="3.2.0">
  <project timestamp="1671451829369" name="All files">
    <metrics statements="4" coveredstatements="4" conditionals="2" coveredconditionals="2" methods="1" coveredmethods="1" elements="7" coveredelements="7" complexity="0" loc="4" ncloc="4" packages="1" files="1" classes="1"/>
    <file name="Component.tsx" path="D:\Coding\react\lerna-cypress\packages\Component\src\Component.tsx">
      <metrics statements="4" coveredstatements="4" conditionals="2" coveredconditionals="2" methods="1" coveredmethods="1"/>
      <line num="7" count="24" type="stmt"/>
      <line num="8" count="24" type="cond" truecount="2" falsecount="0"/>
      <line num="9" count="16" type="stmt"/>
      <line num="11" count="8" type="stmt"/>
    </file>
  </project>
</coverage>
