{"D:\\Coding\\react\\lerna-cypress\\packages\\Component\\src\\Component.tsx": {"path":"D:\\Coding\\react\\lerna-cypress\\packages\\Component\\src\\Component.tsx","statementMap":{"0":{"start":{"line":7,"column":28},"end":{"line":7,"column":37}},"1":{"start":{"line":8,"column":1},"end":{"line":12,"column":null}},"2":{"start":{"line":9,"column":2},"end":{"line":9,"column":28}},"3":{"start":{"line":11,"column":2},"end":{"line":11,"column":35}}},"fnMap":{"0":{"name":"Component","decl":{"start":{"line":7,"column":9},"end":{"line":7,"column":18}},"loc":{"start":{"line":7,"column":37},"end":{"line":13,"column":1}}}},"branchMap":{"0":{"loc":{"start":{"line":8,"column":1},"end":{"line":12,"column":null}},"type":"if","locations":[{"start":{"line":8,"column":1},"end":{"line":12,"column":null}},{"start":{"line":8,"column":1},"end":{"line":12,"column":null}}]}},"s":{"0":24,"1":24,"2":16,"3":8},"f":{"0":24},"b":{"0":[16,8]}}
}
